0 info it worked if it ends with ok
1 verbose cli [ '/Users/juanrivillas/.nvm/versions/node/v7.5.0/bin/node',
1 verbose cli   '/Users/juanrivillas/.nvm/versions/node/v7.5.0/bin/npm',
1 verbose cli   'start' ]
2 info using npm@4.1.2
3 info using node@v7.5.0
4 verbose run-script [ 'prestart', 'start', 'poststart' ]
5 info lifecycle webpack-react-boilerplate@1.0.0~prestart: webpack-react-boilerplate@1.0.0
6 silly lifecycle webpack-react-boilerplate@1.0.0~prestart: no script for prestart, continuing
7 info lifecycle webpack-react-boilerplate@1.0.0~start: webpack-react-boilerplate@1.0.0
8 verbose lifecycle webpack-react-boilerplate@1.0.0~start: unsafe-perm in lifecycle true
9 verbose lifecycle webpack-react-boilerplate@1.0.0~start: PATH: /Users/juanrivillas/.nvm/versions/node/v7.5.0/lib/node_modules/npm/bin/node-gyp-bin:/Users/juanrivillas/workspace/Personal/webpack-react-boilerplate/node_modules/.bin:/Users/juanrivillas/.nvm/versions/node/v7.5.0/bin:/Users/juanrivillas/.yarn/bin:/Users/juanrivillas/Downloads/google-cloud-sdk/bin:/usr/local/opt/icu4c/sbin:/usr/local/opt/icu4c/bin:/usr/local/bin:/usr/bin:/bin:/usr/sbin:/sbin:/opt/X11/bin:/Users/juanrivillas/Library/Android/sdk/tools:/Users/juanrivillas/Library/Android/sdk/platform-tools
10 verbose lifecycle webpack-react-boilerplate@1.0.0~start: CWD: /Users/juanrivillas/workspace/Personal/webpack-react-boilerplate
11 silly lifecycle webpack-react-boilerplate@1.0.0~start: Args: [ '-c', 'cross-env NODE_ENV=development node server.js' ]
12 silly lifecycle webpack-react-boilerplate@1.0.0~start: Returned: code: 1  signal: null
13 info lifecycle webpack-react-boilerplate@1.0.0~start: Failed to exec start script
14 verbose stack Error: webpack-react-boilerplate@1.0.0 start: `cross-env NODE_ENV=development node server.js`
14 verbose stack Exit status 1
14 verbose stack     at EventEmitter.<anonymous> (/Users/juanrivillas/.nvm/versions/node/v7.5.0/lib/node_modules/npm/lib/utils/lifecycle.js:279:16)
14 verbose stack     at emitTwo (events.js:106:13)
14 verbose stack     at EventEmitter.emit (events.js:192:7)
14 verbose stack     at ChildProcess.<anonymous> (/Users/juanrivillas/.nvm/versions/node/v7.5.0/lib/node_modules/npm/lib/utils/spawn.js:40:14)
14 verbose stack     at emitTwo (events.js:106:13)
14 verbose stack     at ChildProcess.emit (events.js:192:7)
14 verbose stack     at maybeClose (internal/child_process.js:890:16)
14 verbose stack     at Process.ChildProcess._handle.onexit (internal/child_process.js:226:5)
15 verbose pkgid webpack-react-boilerplate@1.0.0
16 verbose cwd /Users/juanrivillas/workspace/Personal/webpack-react-boilerplate
17 error Darwin 16.7.0
18 error argv "/Users/juanrivillas/.nvm/versions/node/v7.5.0/bin/node" "/Users/juanrivillas/.nvm/versions/node/v7.5.0/bin/npm" "start"
19 error node v7.5.0
20 error npm  v4.1.2
21 error code ELIFECYCLE
22 error webpack-react-boilerplate@1.0.0 start: `cross-env NODE_ENV=development node server.js`
22 error Exit status 1
23 error Failed at the webpack-react-boilerplate@1.0.0 start script 'cross-env NODE_ENV=development node server.js'.
23 error Make sure you have the latest version of node.js and npm installed.
23 error If you do, this is most likely a problem with the webpack-react-boilerplate package,
23 error not with npm itself.
23 error Tell the author that this fails on your system:
23 error     cross-env NODE_ENV=development node server.js
23 error You can get information on how to open an issue for this project with:
23 error     npm bugs webpack-react-boilerplate
23 error Or if that isn't available, you can get their info via:
23 error     npm owner ls webpack-react-boilerplate
23 error There is likely additional logging output above.
24 verbose exit [ 1, true ]
